<?xml version="1.0" encoding="UTF-8"?>
<testng-results ignored="0" total="1" passed="1" failed="0" skipped="0">
  <reporter-output>
  </reporter-output>
  <suite started-at="2022-03-26T01:20:13 IST" name="Default suite" finished-at="2022-03-26T01:20:45 IST" duration-ms="32344">
    <groups>
    </groups>
    <test started-at="2022-03-26T01:20:13 IST" name="Default test" finished-at="2022-03-26T01:20:45 IST" duration-ms="32344">
      <class name="testscripts.TC001">
        <test-method is-config="true" signature="setUp(java.lang.String,java.lang.String,java.lang.String,java.lang.String)[pri:0, instance:testscripts.TC001@1bd4fdd]" started-at="2022-03-26T01:20:13 IST" name="setUp" finished-at="2022-03-26T01:20:30 IST" duration-ms="17099" status="PASS">
          <params>
            <param index="0">
              <value>
                <![CDATA[chrome]]>
              </value>
            </param>
            <param index="1">
              <value>
                <![CDATA[https://demo.actitime.com]]>
              </value>
            </param>
            <param index="2">
              <value>
                <![CDATA[10]]>
              </value>
            </param>
            <param index="3">
              <value>
                <![CDATA[10]]>
              </value>
            </param>
          </params>
          <reporter-output>
          </reporter-output>
        </test-method> <!-- setUp -->
        <test-method is-config="true" signature="login(java.lang.String,java.lang.String)[pri:0, instance:testscripts.TC001@1bd4fdd]" started-at="2022-03-26T01:20:30 IST" name="login" finished-at="2022-03-26T01:20:30 IST" duration-ms="327" status="PASS">
          <params>
            <param index="0">
              <value>
                <![CDATA[admin]]>
              </value>
            </param>
            <param index="1">
              <value>
                <![CDATA[manager]]>
              </value>
            </param>
          </params>
          <reporter-output>
          </reporter-output>
        </test-method> <!-- login -->
        <test-method signature="test()[pri:0, instance:testscripts.TC001@1bd4fdd]" started-at="2022-03-26T01:20:30 IST" name="test" description="add task and verify the task" finished-at="2022-03-26T01:20:43 IST" duration-ms="12560" status="PASS">
          <reporter-output>
          </reporter-output>
        </test-method> <!-- test -->
        <test-method is-config="true" signature="logout()[pri:0, instance:testscripts.TC001@1bd4fdd]" started-at="2022-03-26T01:20:43 IST" name="logout" finished-at="2022-03-26T01:20:45 IST" duration-ms="2012" status="PASS">
          <reporter-output>
          </reporter-output>
        </test-method> <!-- logout -->
        <test-method is-config="true" signature="tearDown()[pri:0, instance:testscripts.TC001@1bd4fdd]" started-at="2022-03-26T01:20:45 IST" name="tearDown" finished-at="2022-03-26T01:20:45 IST" duration-ms="314" status="PASS">
          <reporter-output>
          </reporter-output>
        </test-method> <!-- tearDown -->
      </class> <!-- testscripts.TC001 -->
    </test> <!-- Default test -->
  </suite> <!-- Default suite -->
</testng-results>
